[2026-04-21T14:12:47.473407+00:00Z] unhandled exception:
Traceback (most recent call last):
  File "/root/.openclaw/workspace/scripts/nblm_sync.py", line 361, in main
    return asyncio.run(run(cfg, dry_run=dry_run))
           ^^^^^^^^^^^^^^^^^^^^^^^^^^^^^^^^^^^^^^
  File "/usr/lib/python3.12/asyncio/runners.py", line 194, in run
    return runner.run(main)
           ^^^^^^^^^^^^^^^^
  File "/usr/lib/python3.12/asyncio/runners.py", line 118, in run
    return self._loop.run_until_complete(task)
           ^^^^^^^^^^^^^^^^^^^^^^^^^^^^^^^^^^^
  File "/usr/lib/python3.12/asyncio/base_events.py", line 687, in run_until_complete
    return future.result()
           ^^^^^^^^^^^^^^^
  File "/root/.openclaw/workspace/scripts/nblm_sync.py", line 348, in run
    save_inventory(inventory_path, records_from_snapshots(curr, now_iso))
  File "/root/.openclaw/workspace/scripts/nblm_sync.py", line 89, in save_inventory
    tmp.write_text(json.dumps(serialisable, indent=2, ensure_ascii=False, sort_keys=True))
  File "/usr/lib/python3.12/pathlib.py", line 1049, in write_text
    with self.open(mode='w', encoding=encoding, errors=errors, newline=newline) as f:
         ^^^^^^^^^^^^^^^^^^^^^^^^^^^^^^^^^^^^^^^^^^^^^^^^^^^^^^^^^^^^^^^^^^^^^^
  File "/usr/lib/python3.12/pathlib.py", line 1015, in open
    return io.open(self, mode, buffering, encoding, errors, newline)
           ^^^^^^^^^^^^^^^^^^^^^^^^^^^^^^^^^^^^^^^^^^^^^^^^^^^^^^^^^
FileNotFoundError: [Errno 2] No such file or directory: '/root/.openclaw/workspace/memory/integrations/notebooklm/_state/inventory.json.tmp'

